This file contains any messages produced by compilers while
running configure, to aid debugging if configure makes a mistake.

It was created by putty configure 0.76, which was
generated by GNU Autoconf 2.69.  Invocation command line was

  $ /Users/terrybrooksjr/Desktop/putty-0.76/configure 

## --------- ##
## Platform. ##
## --------- ##

hostname = Terrys-MacBook-Pro.local
uname -m = arm64
uname -r = 21.3.0
uname -s = Darwin
uname -v = Darwin Kernel Version 21.3.0: Wed Jan  5 21:37:58 PST 2022; root:xnu-8019.80.24~20/RELEASE_ARM64_T6000

/usr/bin/uname -p = arm
/bin/uname -X     = unknown

/bin/arch              = unknown
/usr/bin/arch -k       = unknown
/usr/convex/getsysinfo = unknown
/usr/bin/hostinfo      = Mach kernel version:
	 Darwin Kernel Version 21.3.0: Wed Jan  5 21:37:58 PST 2022; root:xnu-8019.80.24~20/RELEASE_ARM64_T6000
Kernel configured for up to 8 processors.
8 processors are physically available.
8 processors are logically available.
Processor type: arm64e (ARM64E)
Processors active: 0 1 2 3 4 5 6 7
Primary memory available: 16.00 gigabytes
Default processor set: 608 tasks, 3927 threads, 8 processors
Load average: 2.64, Mach factor: 5.76
/bin/machine           = unknown
/usr/bin/oslevel       = unknown
/bin/universe          = unknown

PATH: /Library/Frameworks/Python.framework/Versions/3.10/bin
PATH: /opt/homebrew/bin
PATH: /opt/homebrew/sbin
PATH: /usr/local/bin
PATH: /usr/bin
PATH: /bin
PATH: /usr/sbin
PATH: /sbin
PATH: /Library/Apple/usr/bin


## ----------- ##
## Core tests. ##
## ----------- ##

configure:2289: checking for a BSD-compatible install
configure:2357: result: /usr/bin/install -c
configure:2368: checking whether build environment is sane
configure:2423: result: yes
configure:2574: checking for a thread-safe mkdir -p
configure:2613: result: /Users/terrybrooksjr/Desktop/putty-0.76/install-sh -c -d
configure:2620: checking for gawk
configure:2650: result: no
configure:2620: checking for mawk
configure:2650: result: no
configure:2620: checking for nawk
configure:2650: result: no
configure:2620: checking for awk
configure:2636: found /usr/bin/awk
configure:2647: result: awk
configure:2658: checking whether make sets $(MAKE)
configure:2680: result: yes
configure:2709: checking whether make supports nested variables
configure:2726: result: yes
configure:2897: checking for ranlib
configure:2913: found /usr/bin/ranlib
configure:2924: result: ranlib
configure:2950: checking whether make supports the include directive
configure:2965: make -f confmf.GNU && cat confinc.out
this is the am__doit target
configure:2968: $? = 0
configure:2987: result: yes (GNU style)
configure:3057: checking for gcc
configure:3073: found /usr/bin/gcc
configure:3084: result: gcc
configure:3313: checking for C compiler version
configure:3322: gcc --version >&5
Apple clang version 13.1.6 (clang-1316.0.21.2)
Target: arm64-apple-darwin21.3.0
Thread model: posix
InstalledDir: /Library/Developer/CommandLineTools/usr/bin
configure:3333: $? = 0
configure:3322: gcc -v >&5
Apple clang version 13.1.6 (clang-1316.0.21.2)
Target: arm64-apple-darwin21.3.0
Thread model: posix
InstalledDir: /Library/Developer/CommandLineTools/usr/bin
configure:3333: $? = 0
configure:3322: gcc -V >&5
clang: error: argument to '-V' is missing (expected 1 value)
clang: error: no input files
configure:3333: $? = 1
configure:3322: gcc -qversion >&5
clang: error: unknown argument '-qversion'; did you mean '--version'?
clang: error: no input files
configure:3333: $? = 1
configure:3353: checking whether the C compiler works
configure:3375: gcc    conftest.c  >&5
configure:3379: $? = 0
configure:3427: result: yes
configure:3430: checking for C compiler default output file name
configure:3432: result: a.out
configure:3438: checking for suffix of executables
configure:3445: gcc -o conftest    conftest.c  >&5
configure:3449: $? = 0
configure:3471: result: 
configure:3493: checking whether we are cross compiling
configure:3501: gcc -o conftest    conftest.c  >&5
configure:3505: $? = 0
configure:3512: ./conftest
configure:3516: $? = 0
configure:3531: result: no
configure:3536: checking for suffix of object files
configure:3558: gcc -c   conftest.c >&5
configure:3562: $? = 0
configure:3583: result: o
configure:3587: checking whether we are using the GNU C compiler
configure:3606: gcc -c   conftest.c >&5
configure:3606: $? = 0
configure:3615: result: yes
configure:3624: checking whether gcc accepts -g
configure:3644: gcc -c -g  conftest.c >&5
configure:3644: $? = 0
configure:3685: result: yes
configure:3702: checking for gcc option to accept ISO C89
configure:3765: gcc  -c -g -O2  conftest.c >&5
configure:3765: $? = 0
configure:3778: result: none needed
configure:3803: checking whether gcc understands -c and -o together
configure:3825: gcc -c conftest.c -o conftest2.o
configure:3828: $? = 0
configure:3825: gcc -c conftest.c -o conftest2.o
configure:3828: $? = 0
configure:3840: result: yes
configure:3859: checking dependency style of gcc
configure:3970: result: gcc3
configure:4035: checking for ar
configure:4051: found /usr/bin/ar
configure:4062: result: ar
configure:4088: checking the archiver (ar) interface
configure:4104: gcc -c -g -O2  conftest.c >&5
configure:4104: $? = 0
configure:4106: ar cru libconftest.a conftest.o >&5
configure:4109: $? = 0
configure:4137: result: ar
configure:4159: checking for gcc option to accept ISO C99
configure:4308: gcc  -c -g -O2  conftest.c >&5
configure:4308: $? = 0
configure:4321: result: none needed
configure:4448: checking for utmpx.h
configure:4448: gcc -c -g -O2  conftest.c >&5
configure:4448: $? = 0
configure:4448: result: yes
configure:4545: checking for pkg-config
configure:4563: found /opt/homebrew/bin/pkg-config
configure:4575: result: /opt/homebrew/bin/pkg-config
configure:4600: checking pkg-config is at least version 0.16
configure:4603: result: yes
configure:4616: checking for GTK+ - version >= 3.0.0
configure:4741: result: no
configure:4769: gcc -o conftest -g -O2    conftest.c   >&5
conftest.c:14:10: fatal error: 'gtk/gtk.h' file not found
#include <gtk/gtk.h>
         ^~~~~~~~~~~
1 error generated.
configure:4769: $? = 1
configure: failed program was:
| /* confdefs.h */
| #define PACKAGE_NAME "putty"
| #define PACKAGE_TARNAME "putty"
| #define PACKAGE_VERSION "0.76"
| #define PACKAGE_STRING "putty 0.76"
| #define PACKAGE_BUGREPORT ""
| #define PACKAGE_URL ""
| #define PACKAGE "putty"
| #define VERSION "0.76"
| #define WITH_GSSAPI 1
| #define HAVE_UTMPX_H 1
| /* end confdefs.h.  */
| 
| #include <gtk/gtk.h>
| #include <stdio.h>
| 
| int
| main ()
| {
|  return ((gtk_major_version) || (gtk_minor_version) || (gtk_micro_version));
|   ;
|   return 0;
| }
configure:4877: checking for pkg-config
configure:4907: result: /opt/homebrew/bin/pkg-config
configure:4932: checking pkg-config is at least version 0.7
configure:4935: result: yes
configure:4945: checking for GTK+ - version >= 2.0.0
configure:5055: gcc -o conftest -g -O2 -I/opt/homebrew/Cellar/libffi/3.4.2/include -I/opt/homebrew/Cellar/gtk+/2.24.33/include/gtk-2.0 -I/opt/homebrew/Cellar/gtk+/2.24.33/lib/gtk-2.0/include -I/opt/homebrew/Cellar/pango/1.50.6/include/pango-1.0 -I/opt/homebrew/Cellar/harfbuzz/4.2.0/include/harfbuzz -I/opt/homebrew/Cellar/pango/1.50.6/include/pango-1.0 -I/opt/homebrew/Cellar/fribidi/1.0.11/include/fribidi -I/opt/homebrew/Cellar/harfbuzz/4.2.0/include/harfbuzz -I/opt/homebrew/Cellar/graphite2/1.3.14/include -I/opt/homebrew/Cellar/cairo/1.16.0_5/include/cairo -I/opt/homebrew/Cellar/atk/2.38.0/include/atk-1.0 -I/opt/homebrew/Cellar/cairo/1.16.0_5/include/cairo -I/opt/homebrew/Cellar/pixman/0.40.0/include/pixman-1 -I/opt/homebrew/Cellar/fontconfig/2.14.0/include -I/opt/homebrew/opt/freetype/include/freetype2 -I/opt/homebrew/Cellar/libxcb/1.14_2/include -I/opt/homebrew/Cellar/libxrender/0.9.10/include -I/opt/homebrew/Cellar/libxext/1.3.4/include -I/opt/homebrew/Cellar/libx11/1.7.3.1/include -I/opt/homebrew/Cellar/libxcb/1.14_2/include -I/opt/homebrew/Cellar/libxau/1.0.9/include -I/opt/homebrew/Cellar/libxdmcp/1.1.3/include -I/opt/homebrew/Cellar/gdk-pixbuf/2.42.8/include/gdk-pixbuf-2.0 -I/opt/homebrew/Cellar/libpng/1.6.37/include/libpng16 -I/opt/homebrew/Cellar/jpeg/9e/include -I/opt/homebrew/Cellar/libtiff/4.3.0/include -I/opt/homebrew/Cellar/glib/2.72.0/include -I/opt/homebrew/Cellar/glib/2.72.0/include/glib-2.0 -I/opt/homebrew/Cellar/glib/2.72.0/lib/glib-2.0/include -I/opt/homebrew/opt/gettext/include -I/opt/homebrew/Cellar/pcre/8.45/include -I/opt/homebrew/Cellar/xorgproto/2021.5/include   conftest.c -L/opt/homebrew/Cellar/gtk+/2.24.33/lib -L/opt/homebrew/Cellar/pango/1.50.6/lib -L/opt/homebrew/Cellar/harfbuzz/4.2.0/lib -L/opt/homebrew/Cellar/atk/2.38.0/lib -L/opt/homebrew/Cellar/cairo/1.16.0_5/lib -L/opt/homebrew/Cellar/gdk-pixbuf/2.42.8/lib -L/opt/homebrew/Cellar/glib/2.72.0/lib -L/opt/homebrew/opt/gettext/lib -lgtk-quartz-2.0 -lgdk-quartz-2.0 -framework Cocoa -lpangocairo-1.0 -lpango-1.0 -lharfbuzz -latk-1.0 -lcairo -lgdk_pixbuf-2.0 -lgio-2.0 -lgobject-2.0 -lglib-2.0 -lintl  >&5
In file included from conftest.c:14:
In file included from /opt/homebrew/Cellar/gtk+/2.24.33/include/gtk-2.0/gtk/gtk.h:33:
In file included from /opt/homebrew/Cellar/gtk+/2.24.33/include/gtk-2.0/gtk/gtkaboutdialog.h:32:
In file included from /opt/homebrew/Cellar/gtk+/2.24.33/include/gtk-2.0/gtk/gtkdialog.h:35:
In file included from /opt/homebrew/Cellar/gtk+/2.24.33/include/gtk-2.0/gtk/gtkwindow.h:36:
In file included from /opt/homebrew/Cellar/gtk+/2.24.33/include/gtk-2.0/gtk/gtkbin.h:35:
In file included from /opt/homebrew/Cellar/gtk+/2.24.33/include/gtk-2.0/gtk/gtkcontainer.h:35:
In file included from /opt/homebrew/Cellar/gtk+/2.24.33/include/gtk-2.0/gtk/gtkwidget.h:36:
In file included from /opt/homebrew/Cellar/gtk+/2.24.33/include/gtk-2.0/gtk/gtkobject.h:37:
/opt/homebrew/Cellar/gtk+/2.24.33/include/gtk-2.0/gtk/gtktypeutils.h:236:34: warning: 'GTypeDebugFlags' is deprecated [-Wdeprecated-declarations]
void            gtk_type_init   (GTypeDebugFlags    debug_flags);
                                 ^
/opt/homebrew/Cellar/glib/2.72.0/include/glib-2.0/gobject/gtype.h:704:19: note: 'GTypeDebugFlags' has been explicitly marked deprecated here
} GTypeDebugFlags GLIB_DEPRECATED_TYPE_IN_2_36;
                  ^
/opt/homebrew/Cellar/glib/2.72.0/include/glib-2.0/glib/gversionmacros.h:558:49: note: expanded from macro 'GLIB_DEPRECATED_TYPE_IN_2_36'
# define GLIB_DEPRECATED_TYPE_IN_2_36           GLIB_DEPRECATED_TYPE
                                                ^
/opt/homebrew/Cellar/glib/2.72.0/include/glib-2.0/glib/gmacros.h:1180:30: note: expanded from macro 'GLIB_DEPRECATED_TYPE'
#define GLIB_DEPRECATED_TYPE G_DEPRECATED
                             ^
/opt/homebrew/Cellar/glib/2.72.0/include/glib-2.0/glib/gmacros.h:1103:37: note: expanded from macro 'G_DEPRECATED'
#define G_DEPRECATED __attribute__((__deprecated__))
                                    ^
In file included from conftest.c:14:
In file included from /opt/homebrew/Cellar/gtk+/2.24.33/include/gtk-2.0/gtk/gtk.h:126:
In file included from /opt/homebrew/Cellar/gtk+/2.24.33/include/gtk-2.0/gtk/gtkmenutoolbutton.h:30:
In file included from /opt/homebrew/Cellar/gtk+/2.24.33/include/gtk-2.0/gtk/gtktoolbutton.h:30:
In file included from /opt/homebrew/Cellar/gtk+/2.24.33/include/gtk-2.0/gtk/gtktoolitem.h:31:
/opt/homebrew/Cellar/gtk+/2.24.33/include/gtk-2.0/gtk/gtktooltips.h:73:3: warning: 'GTimeVal' is deprecated: Use 'GDateTime' instead [-Wdeprecated-declarations]
  GTimeVal last_popdown;
  ^
/opt/homebrew/Cellar/glib/2.72.0/include/glib-2.0/glib/gtypes.h:551:35: note: 'GTimeVal' has been explicitly marked deprecated here
typedef struct _GTimeVal GTimeVal GLIB_DEPRECATED_TYPE_IN_2_62_FOR(GDateTime);
                                  ^
/opt/homebrew/Cellar/glib/2.72.0/include/glib-2.0/glib/gversionmacros.h:971:49: note: expanded from macro 'GLIB_DEPRECATED_TYPE_IN_2_62_FOR'
# define GLIB_DEPRECATED_TYPE_IN_2_62_FOR(f)    GLIB_DEPRECATED_TYPE_FOR(f)
                                                ^
/opt/homebrew/Cellar/glib/2.72.0/include/glib-2.0/glib/gmacros.h:1181:37: note: expanded from macro 'GLIB_DEPRECATED_TYPE_FOR'
#define GLIB_DEPRECATED_TYPE_FOR(f) G_DEPRECATED_FOR(f)
                                    ^
/opt/homebrew/Cellar/glib/2.72.0/include/glib-2.0/glib/gmacros.h:1113:44: note: expanded from macro 'G_DEPRECATED_FOR'
#define G_DEPRECATED_FOR(f) __attribute__((__deprecated__("Use '" #f "' instead")))
                                           ^
2 warnings generated.
configure:5055: $? = 0
configure:5055: ./conftest
configure:5055: $? = 0
configure:5069: result: yes (version 2.24.33)
configure:5217: checking for pango_font_family_is_monospace
configure:5217: gcc -o conftest -g -O2 -I/opt/homebrew/Cellar/libffi/3.4.2/include -I/opt/homebrew/Cellar/gtk+/2.24.33/include/gtk-2.0 -I/opt/homebrew/Cellar/gtk+/2.24.33/lib/gtk-2.0/include -I/opt/homebrew/Cellar/pango/1.50.6/include/pango-1.0 -I/opt/homebrew/Cellar/harfbuzz/4.2.0/include/harfbuzz -I/opt/homebrew/Cellar/pango/1.50.6/include/pango-1.0 -I/opt/homebrew/Cellar/fribidi/1.0.11/include/fribidi -I/opt/homebrew/Cellar/harfbuzz/4.2.0/include/harfbuzz -I/opt/homebrew/Cellar/graphite2/1.3.14/include -I/opt/homebrew/Cellar/cairo/1.16.0_5/include/cairo -I/opt/homebrew/Cellar/atk/2.38.0/include/atk-1.0 -I/opt/homebrew/Cellar/cairo/1.16.0_5/include/cairo -I/opt/homebrew/Cellar/pixman/0.40.0/include/pixman-1 -I/opt/homebrew/Cellar/fontconfig/2.14.0/include -I/opt/homebrew/opt/freetype/include/freetype2 -I/opt/homebrew/Cellar/libxcb/1.14_2/include -I/opt/homebrew/Cellar/libxrender/0.9.10/include -I/opt/homebrew/Cellar/libxext/1.3.4/include -I/opt/homebrew/Cellar/libx11/1.7.3.1/include -I/opt/homebrew/Cellar/libxcb/1.14_2/include -I/opt/homebrew/Cellar/libxau/1.0.9/include -I/opt/homebrew/Cellar/libxdmcp/1.1.3/include -I/opt/homebrew/Cellar/gdk-pixbuf/2.42.8/include/gdk-pixbuf-2.0 -I/opt/homebrew/Cellar/libpng/1.6.37/include/libpng16 -I/opt/homebrew/Cellar/jpeg/9e/include -I/opt/homebrew/Cellar/libtiff/4.3.0/include -I/opt/homebrew/Cellar/glib/2.72.0/include -I/opt/homebrew/Cellar/glib/2.72.0/include/glib-2.0 -I/opt/homebrew/Cellar/glib/2.72.0/lib/glib-2.0/include -I/opt/homebrew/opt/gettext/include -I/opt/homebrew/Cellar/pcre/8.45/include -I/opt/homebrew/Cellar/xorgproto/2021.5/include   conftest.c -L/opt/homebrew/Cellar/gtk+/2.24.33/lib -L/opt/homebrew/Cellar/pango/1.50.6/lib -L/opt/homebrew/Cellar/harfbuzz/4.2.0/lib -L/opt/homebrew/Cellar/atk/2.38.0/lib -L/opt/homebrew/Cellar/cairo/1.16.0_5/lib -L/opt/homebrew/Cellar/gdk-pixbuf/2.42.8/lib -L/opt/homebrew/Cellar/glib/2.72.0/lib -L/opt/homebrew/opt/gettext/lib -lgtk-quartz-2.0 -lgdk-quartz-2.0 -framework Cocoa -lpangocairo-1.0 -lpango-1.0 -lharfbuzz -latk-1.0 -lcairo -lgdk_pixbuf-2.0 -lgio-2.0 -lgobject-2.0 -lglib-2.0 -lintl  >&5
configure:5217: $? = 0
configure:5217: result: yes
configure:5217: checking for pango_font_map_list_families
configure:5217: gcc -o conftest -g -O2 -I/opt/homebrew/Cellar/libffi/3.4.2/include -I/opt/homebrew/Cellar/gtk+/2.24.33/include/gtk-2.0 -I/opt/homebrew/Cellar/gtk+/2.24.33/lib/gtk-2.0/include -I/opt/homebrew/Cellar/pango/1.50.6/include/pango-1.0 -I/opt/homebrew/Cellar/harfbuzz/4.2.0/include/harfbuzz -I/opt/homebrew/Cellar/pango/1.50.6/include/pango-1.0 -I/opt/homebrew/Cellar/fribidi/1.0.11/include/fribidi -I/opt/homebrew/Cellar/harfbuzz/4.2.0/include/harfbuzz -I/opt/homebrew/Cellar/graphite2/1.3.14/include -I/opt/homebrew/Cellar/cairo/1.16.0_5/include/cairo -I/opt/homebrew/Cellar/atk/2.38.0/include/atk-1.0 -I/opt/homebrew/Cellar/cairo/1.16.0_5/include/cairo -I/opt/homebrew/Cellar/pixman/0.40.0/include/pixman-1 -I/opt/homebrew/Cellar/fontconfig/2.14.0/include -I/opt/homebrew/opt/freetype/include/freetype2 -I/opt/homebrew/Cellar/libxcb/1.14_2/include -I/opt/homebrew/Cellar/libxrender/0.9.10/include -I/opt/homebrew/Cellar/libxext/1.3.4/include -I/opt/homebrew/Cellar/libx11/1.7.3.1/include -I/opt/homebrew/Cellar/libxcb/1.14_2/include -I/opt/homebrew/Cellar/libxau/1.0.9/include -I/opt/homebrew/Cellar/libxdmcp/1.1.3/include -I/opt/homebrew/Cellar/gdk-pixbuf/2.42.8/include/gdk-pixbuf-2.0 -I/opt/homebrew/Cellar/libpng/1.6.37/include/libpng16 -I/opt/homebrew/Cellar/jpeg/9e/include -I/opt/homebrew/Cellar/libtiff/4.3.0/include -I/opt/homebrew/Cellar/glib/2.72.0/include -I/opt/homebrew/Cellar/glib/2.72.0/include/glib-2.0 -I/opt/homebrew/Cellar/glib/2.72.0/lib/glib-2.0/include -I/opt/homebrew/opt/gettext/include -I/opt/homebrew/Cellar/pcre/8.45/include -I/opt/homebrew/Cellar/xorgproto/2021.5/include   conftest.c -L/opt/homebrew/Cellar/gtk+/2.24.33/lib -L/opt/homebrew/Cellar/pango/1.50.6/lib -L/opt/homebrew/Cellar/harfbuzz/4.2.0/lib -L/opt/homebrew/Cellar/atk/2.38.0/lib -L/opt/homebrew/Cellar/cairo/1.16.0_5/lib -L/opt/homebrew/Cellar/gdk-pixbuf/2.42.8/lib -L/opt/homebrew/Cellar/glib/2.72.0/lib -L/opt/homebrew/opt/gettext/lib -lgtk-quartz-2.0 -lgdk-quartz-2.0 -framework Cocoa -lpangocairo-1.0 -lpango-1.0 -lharfbuzz -latk-1.0 -lcairo -lgdk_pixbuf-2.0 -lgio-2.0 -lgobject-2.0 -lglib-2.0 -lintl  >&5
configure:5217: $? = 0
configure:5217: result: yes
configure:5230: checking for library containing socket
configure:5261: gcc -o conftest -g -O2   conftest.c  >&5
configure:5261: $? = 0
configure:5278: result: none required
configure:5292: checking how to run the C preprocessor
configure:5323: gcc -E  conftest.c
configure:5323: $? = 0
configure:5337: gcc -E  conftest.c
conftest.c:15:10: fatal error: 'ac_nonexistent.h' file not found
#include <ac_nonexistent.h>
         ^~~~~~~~~~~~~~~~~~
1 error generated.
configure:5337: $? = 1
configure: failed program was:
| /* confdefs.h */
| #define PACKAGE_NAME "putty"
| #define PACKAGE_TARNAME "putty"
| #define PACKAGE_VERSION "0.76"
| #define PACKAGE_STRING "putty 0.76"
| #define PACKAGE_BUGREPORT ""
| #define PACKAGE_URL ""
| #define PACKAGE "putty"
| #define VERSION "0.76"
| #define WITH_GSSAPI 1
| #define HAVE_UTMPX_H 1
| #define HAVE_PANGO_FONT_FAMILY_IS_MONOSPACE 1
| #define HAVE_PANGO_FONT_MAP_LIST_FAMILIES 1
| /* end confdefs.h.  */
| #include <ac_nonexistent.h>
configure:5362: result: gcc -E
configure:5382: gcc -E  conftest.c
configure:5382: $? = 0
configure:5396: gcc -E  conftest.c
conftest.c:15:10: fatal error: 'ac_nonexistent.h' file not found
#include <ac_nonexistent.h>
         ^~~~~~~~~~~~~~~~~~
1 error generated.
configure:5396: $? = 1
configure: failed program was:
| /* confdefs.h */
| #define PACKAGE_NAME "putty"
| #define PACKAGE_TARNAME "putty"
| #define PACKAGE_VERSION "0.76"
| #define PACKAGE_STRING "putty 0.76"
| #define PACKAGE_BUGREPORT ""
| #define PACKAGE_URL ""
| #define PACKAGE "putty"
| #define VERSION "0.76"
| #define WITH_GSSAPI 1
| #define HAVE_UTMPX_H 1
| #define HAVE_PANGO_FONT_FAMILY_IS_MONOSPACE 1
| #define HAVE_PANGO_FONT_MAP_LIST_FAMILIES 1
| /* end confdefs.h.  */
| #include <ac_nonexistent.h>
configure:5425: checking for grep that handles long lines and -e
configure:5483: result: /usr/bin/grep
configure:5488: checking for egrep
configure:5550: result: /usr/bin/grep -E
configure:5555: checking for ANSI C header files
configure:5575: gcc -c -g -O2  conftest.c >&5
configure:5575: $? = 0
configure:5648: gcc -o conftest -g -O2   conftest.c  >&5
configure:5648: $? = 0
configure:5648: ./conftest
configure:5648: $? = 0
configure:5659: result: yes
configure:5672: checking for sys/types.h
configure:5672: gcc -c -g -O2  conftest.c >&5
configure:5672: $? = 0
configure:5672: result: yes
configure:5672: checking for sys/stat.h
configure:5672: gcc -c -g -O2  conftest.c >&5
configure:5672: $? = 0
configure:5672: result: yes
configure:5672: checking for stdlib.h
configure:5672: gcc -c -g -O2  conftest.c >&5
configure:5672: $? = 0
configure:5672: result: yes
configure:5672: checking for string.h
configure:5672: gcc -c -g -O2  conftest.c >&5
configure:5672: $? = 0
configure:5672: result: yes
configure:5672: checking for memory.h
configure:5672: gcc -c -g -O2  conftest.c >&5
configure:5672: $? = 0
configure:5672: result: yes
configure:5672: checking for strings.h
configure:5672: gcc -c -g -O2  conftest.c >&5
configure:5672: $? = 0
configure:5672: result: yes
configure:5672: checking for inttypes.h
configure:5672: gcc -c -g -O2  conftest.c >&5
configure:5672: $? = 0
configure:5672: result: yes
configure:5672: checking for stdint.h
configure:5672: gcc -c -g -O2  conftest.c >&5
configure:5672: $? = 0
configure:5672: result: yes
configure:5672: checking for unistd.h
configure:5672: gcc -c -g -O2  conftest.c >&5
configure:5672: $? = 0
configure:5672: result: yes
configure:5685: checking for library containing dlopen
configure:5716: gcc -o conftest -g -O2   conftest.c  >&5
configure:5716: $? = 0
configure:5733: result: none required
configure:5819: checking for XOpenDisplay in -lX11
configure:5844: gcc -o conftest -g -O2   conftest.c -lX11   >&5
ld: library not found for -lX11
clang: error: linker command failed with exit code 1 (use -v to see invocation)
configure:5844: $? = 1
configure: failed program was:
| /* confdefs.h */
| #define PACKAGE_NAME "putty"
| #define PACKAGE_TARNAME "putty"
| #define PACKAGE_VERSION "0.76"
| #define PACKAGE_STRING "putty 0.76"
| #define PACKAGE_BUGREPORT ""
| #define PACKAGE_URL ""
| #define PACKAGE "putty"
| #define VERSION "0.76"
| #define WITH_GSSAPI 1
| #define HAVE_UTMPX_H 1
| #define HAVE_PANGO_FONT_FAMILY_IS_MONOSPACE 1
| #define HAVE_PANGO_FONT_MAP_LIST_FAMILIES 1
| #define STDC_HEADERS 1
| #define HAVE_SYS_TYPES_H 1
| #define HAVE_SYS_STAT_H 1
| #define HAVE_STDLIB_H 1
| #define HAVE_STRING_H 1
| #define HAVE_MEMORY_H 1
| #define HAVE_STRINGS_H 1
| #define HAVE_INTTYPES_H 1
| #define HAVE_STDINT_H 1
| #define HAVE_UNISTD_H 1
| /* end confdefs.h.  */
| 
| /* Override any GCC internal prototype to avoid an error.
|    Use char because int might match the return type of a GCC
|    builtin and then its argument prototype would still apply.  */
| #ifdef __cplusplus
| extern "C"
| #endif
| char XOpenDisplay ();
| int
| main ()
| {
| return XOpenDisplay ();
|   ;
|   return 0;
| }
configure:5853: result: no
configure:5866: checking for getaddrinfo
configure:5866: gcc -o conftest -g -O2   conftest.c  >&5
configure:5866: $? = 0
configure:5866: result: yes
configure:5866: checking for posix_openpt
configure:5866: gcc -o conftest -g -O2   conftest.c  >&5
configure:5866: $? = 0
configure:5866: result: yes
configure:5866: checking for ptsname
configure:5866: gcc -o conftest -g -O2   conftest.c  >&5
configure:5866: $? = 0
configure:5866: result: yes
configure:5866: checking for setresuid
configure:5866: gcc -o conftest -g -O2   conftest.c  >&5
Undefined symbols for architecture arm64:
  "_setresuid", referenced from:
      _main in conftest-0b80e6.o
ld: symbol(s) not found for architecture arm64
clang: error: linker command failed with exit code 1 (use -v to see invocation)
configure:5866: $? = 1
configure: failed program was:
| /* confdefs.h */
| #define PACKAGE_NAME "putty"
| #define PACKAGE_TARNAME "putty"
| #define PACKAGE_VERSION "0.76"
| #define PACKAGE_STRING "putty 0.76"
| #define PACKAGE_BUGREPORT ""
| #define PACKAGE_URL ""
| #define PACKAGE "putty"
| #define VERSION "0.76"
| #define WITH_GSSAPI 1
| #define HAVE_UTMPX_H 1
| #define HAVE_PANGO_FONT_FAMILY_IS_MONOSPACE 1
| #define HAVE_PANGO_FONT_MAP_LIST_FAMILIES 1
| #define STDC_HEADERS 1
| #define HAVE_SYS_TYPES_H 1
| #define HAVE_SYS_STAT_H 1
| #define HAVE_STDLIB_H 1
| #define HAVE_STRING_H 1
| #define HAVE_MEMORY_H 1
| #define HAVE_STRINGS_H 1
| #define HAVE_INTTYPES_H 1
| #define HAVE_STDINT_H 1
| #define HAVE_UNISTD_H 1
| #define HAVE_GETADDRINFO 1
| #define HAVE_POSIX_OPENPT 1
| #define HAVE_PTSNAME 1
| /* end confdefs.h.  */
| /* Define setresuid to an innocuous variant, in case <limits.h> declares setresuid.
|    For example, HP-UX 11i <limits.h> declares gettimeofday.  */
| #define setresuid innocuous_setresuid
| 
| /* System header to define __stub macros and hopefully few prototypes,
|     which can conflict with char setresuid (); below.
|     Prefer <limits.h> to <assert.h> if __STDC__ is defined, since
|     <limits.h> exists even on freestanding compilers.  */
| 
| #ifdef __STDC__
| # include <limits.h>
| #else
| # include <assert.h>
| #endif
| 
| #undef setresuid
| 
| /* Override any GCC internal prototype to avoid an error.
|    Use char because int might match the return type of a GCC
|    builtin and then its argument prototype would still apply.  */
| #ifdef __cplusplus
| extern "C"
| #endif
| char setresuid ();
| /* The GNU C library defines this for functions which it implements
|     to always fail with ENOSYS.  Some functions are actually named
|     something starting with __ and the normal name is an alias.  */
| #if defined __stub_setresuid || defined __stub___setresuid
| choke me
| #endif
| 
| int
| main ()
| {
| return setresuid ();
|   ;
|   return 0;
| }
configure:5866: result: no
configure:5866: checking for strsignal
configure:5866: gcc -o conftest -g -O2   conftest.c  >&5
configure:5866: $? = 0
configure:5866: result: yes
configure:5866: checking for updwtmpx
configure:5866: gcc -o conftest -g -O2   conftest.c  >&5
Undefined symbols for architecture arm64:
  "_updwtmpx", referenced from:
      _main in conftest-dd1fb5.o
ld: symbol(s) not found for architecture arm64
clang: error: linker command failed with exit code 1 (use -v to see invocation)
configure:5866: $? = 1
configure: failed program was:
| /* confdefs.h */
| #define PACKAGE_NAME "putty"
| #define PACKAGE_TARNAME "putty"
| #define PACKAGE_VERSION "0.76"
| #define PACKAGE_STRING "putty 0.76"
| #define PACKAGE_BUGREPORT ""
| #define PACKAGE_URL ""
| #define PACKAGE "putty"
| #define VERSION "0.76"
| #define WITH_GSSAPI 1
| #define HAVE_UTMPX_H 1
| #define HAVE_PANGO_FONT_FAMILY_IS_MONOSPACE 1
| #define HAVE_PANGO_FONT_MAP_LIST_FAMILIES 1
| #define STDC_HEADERS 1
| #define HAVE_SYS_TYPES_H 1
| #define HAVE_SYS_STAT_H 1
| #define HAVE_STDLIB_H 1
| #define HAVE_STRING_H 1
| #define HAVE_MEMORY_H 1
| #define HAVE_STRINGS_H 1
| #define HAVE_INTTYPES_H 1
| #define HAVE_STDINT_H 1
| #define HAVE_UNISTD_H 1
| #define HAVE_GETADDRINFO 1
| #define HAVE_POSIX_OPENPT 1
| #define HAVE_PTSNAME 1
| #define HAVE_STRSIGNAL 1
| /* end confdefs.h.  */
| /* Define updwtmpx to an innocuous variant, in case <limits.h> declares updwtmpx.
|    For example, HP-UX 11i <limits.h> declares gettimeofday.  */
| #define updwtmpx innocuous_updwtmpx
| 
| /* System header to define __stub macros and hopefully few prototypes,
|     which can conflict with char updwtmpx (); below.
|     Prefer <limits.h> to <assert.h> if __STDC__ is defined, since
|     <limits.h> exists even on freestanding compilers.  */
| 
| #ifdef __STDC__
| # include <limits.h>
| #else
| # include <assert.h>
| #endif
| 
| #undef updwtmpx
| 
| /* Override any GCC internal prototype to avoid an error.
|    Use char because int might match the return type of a GCC
|    builtin and then its argument prototype would still apply.  */
| #ifdef __cplusplus
| extern "C"
| #endif
| char updwtmpx ();
| /* The GNU C library defines this for functions which it implements
|     to always fail with ENOSYS.  Some functions are actually named
|     something starting with __ and the normal name is an alias.  */
| #if defined __stub_updwtmpx || defined __stub___updwtmpx
| choke me
| #endif
| 
| int
| main ()
| {
| return updwtmpx ();
|   ;
|   return 0;
| }
configure:5866: result: no
configure:5866: checking for fstatat
configure:5866: gcc -o conftest -g -O2   conftest.c  >&5
configure:5866: $? = 0
configure:5866: result: yes
configure:5866: checking for dirfd
configure:5866: gcc -o conftest -g -O2   conftest.c  >&5
configure:5866: $? = 0
configure:5866: result: yes
configure:5866: checking for futimes
configure:5866: gcc -o conftest -g -O2   conftest.c  >&5
configure:5866: $? = 0
configure:5866: result: yes
configure:5866: checking for setpwent
configure:5866: gcc -o conftest -g -O2   conftest.c  >&5
configure:5866: $? = 0
configure:5866: result: yes
configure:5866: checking for endpwent
configure:5866: gcc -o conftest -g -O2   conftest.c  >&5
configure:5866: $? = 0
configure:5866: result: yes
configure:5866: checking for getauxval
configure:5866: gcc -o conftest -g -O2   conftest.c  >&5
Undefined symbols for architecture arm64:
  "_getauxval", referenced from:
      _main in conftest-53cef8.o
ld: symbol(s) not found for architecture arm64
clang: error: linker command failed with exit code 1 (use -v to see invocation)
configure:5866: $? = 1
configure: failed program was:
| /* confdefs.h */
| #define PACKAGE_NAME "putty"
| #define PACKAGE_TARNAME "putty"
| #define PACKAGE_VERSION "0.76"
| #define PACKAGE_STRING "putty 0.76"
| #define PACKAGE_BUGREPORT ""
| #define PACKAGE_URL ""
| #define PACKAGE "putty"
| #define VERSION "0.76"
| #define WITH_GSSAPI 1
| #define HAVE_UTMPX_H 1
| #define HAVE_PANGO_FONT_FAMILY_IS_MONOSPACE 1
| #define HAVE_PANGO_FONT_MAP_LIST_FAMILIES 1
| #define STDC_HEADERS 1
| #define HAVE_SYS_TYPES_H 1
| #define HAVE_SYS_STAT_H 1
| #define HAVE_STDLIB_H 1
| #define HAVE_STRING_H 1
| #define HAVE_MEMORY_H 1
| #define HAVE_STRINGS_H 1
| #define HAVE_INTTYPES_H 1
| #define HAVE_STDINT_H 1
| #define HAVE_UNISTD_H 1
| #define HAVE_GETADDRINFO 1
| #define HAVE_POSIX_OPENPT 1
| #define HAVE_PTSNAME 1
| #define HAVE_STRSIGNAL 1
| #define HAVE_FSTATAT 1
| #define HAVE_DIRFD 1
| #define HAVE_FUTIMES 1
| #define HAVE_SETPWENT 1
| #define HAVE_ENDPWENT 1
| /* end confdefs.h.  */
| /* Define getauxval to an innocuous variant, in case <limits.h> declares getauxval.
|    For example, HP-UX 11i <limits.h> declares gettimeofday.  */
| #define getauxval innocuous_getauxval
| 
| /* System header to define __stub macros and hopefully few prototypes,
|     which can conflict with char getauxval (); below.
|     Prefer <limits.h> to <assert.h> if __STDC__ is defined, since
|     <limits.h> exists even on freestanding compilers.  */
| 
| #ifdef __STDC__
| # include <limits.h>
| #else
| # include <assert.h>
| #endif
| 
| #undef getauxval
| 
| /* Override any GCC internal prototype to avoid an error.
|    Use char because int might match the return type of a GCC
|    builtin and then its argument prototype would still apply.  */
| #ifdef __cplusplus
| extern "C"
| #endif
| char getauxval ();
| /* The GNU C library defines this for functions which it implements
|     to always fail with ENOSYS.  Some functions are actually named
|     something starting with __ and the normal name is an alias.  */
| #if defined __stub_getauxval || defined __stub___getauxval
| choke me
| #endif
| 
| int
| main ()
| {
| return getauxval ();
|   ;
|   return 0;
| }
configure:5866: result: no
configure:5866: checking for elf_aux_info
configure:5866: gcc -o conftest -g -O2   conftest.c  >&5
Undefined symbols for architecture arm64:
  "_elf_aux_info", referenced from:
      _main in conftest-5b5eeb.o
ld: symbol(s) not found for architecture arm64
clang: error: linker command failed with exit code 1 (use -v to see invocation)
configure:5866: $? = 1
configure: failed program was:
| /* confdefs.h */
| #define PACKAGE_NAME "putty"
| #define PACKAGE_TARNAME "putty"
| #define PACKAGE_VERSION "0.76"
| #define PACKAGE_STRING "putty 0.76"
| #define PACKAGE_BUGREPORT ""
| #define PACKAGE_URL ""
| #define PACKAGE "putty"
| #define VERSION "0.76"
| #define WITH_GSSAPI 1
| #define HAVE_UTMPX_H 1
| #define HAVE_PANGO_FONT_FAMILY_IS_MONOSPACE 1
| #define HAVE_PANGO_FONT_MAP_LIST_FAMILIES 1
| #define STDC_HEADERS 1
| #define HAVE_SYS_TYPES_H 1
| #define HAVE_SYS_STAT_H 1
| #define HAVE_STDLIB_H 1
| #define HAVE_STRING_H 1
| #define HAVE_MEMORY_H 1
| #define HAVE_STRINGS_H 1
| #define HAVE_INTTYPES_H 1
| #define HAVE_STDINT_H 1
| #define HAVE_UNISTD_H 1
| #define HAVE_GETADDRINFO 1
| #define HAVE_POSIX_OPENPT 1
| #define HAVE_PTSNAME 1
| #define HAVE_STRSIGNAL 1
| #define HAVE_FSTATAT 1
| #define HAVE_DIRFD 1
| #define HAVE_FUTIMES 1
| #define HAVE_SETPWENT 1
| #define HAVE_ENDPWENT 1
| /* end confdefs.h.  */
| /* Define elf_aux_info to an innocuous variant, in case <limits.h> declares elf_aux_info.
|    For example, HP-UX 11i <limits.h> declares gettimeofday.  */
| #define elf_aux_info innocuous_elf_aux_info
| 
| /* System header to define __stub macros and hopefully few prototypes,
|     which can conflict with char elf_aux_info (); below.
|     Prefer <limits.h> to <assert.h> if __STDC__ is defined, since
|     <limits.h> exists even on freestanding compilers.  */
| 
| #ifdef __STDC__
| # include <limits.h>
| #else
| # include <assert.h>
| #endif
| 
| #undef elf_aux_info
| 
| /* Override any GCC internal prototype to avoid an error.
|    Use char because int might match the return type of a GCC
|    builtin and then its argument prototype would still apply.  */
| #ifdef __cplusplus
| extern "C"
| #endif
| char elf_aux_info ();
| /* The GNU C library defines this for functions which it implements
|     to always fail with ENOSYS.  Some functions are actually named
|     something starting with __ and the normal name is an alias.  */
| #if defined __stub_elf_aux_info || defined __stub___elf_aux_info
| choke me
| #endif
| 
| int
| main ()
| {
| return elf_aux_info ();
|   ;
|   return 0;
| }
configure:5866: result: no
configure:5866: checking for sysctlbyname
configure:5866: gcc -o conftest -g -O2   conftest.c  >&5
configure:5866: $? = 0
configure:5866: result: yes
configure:5875: checking whether CLOCK_MONOTONIC is declared
configure:5875: gcc -c -g -O2  conftest.c >&5
configure:5875: $? = 0
configure:5875: result: yes
configure:5890: checking sys/auxv.h usability
configure:5890: gcc -c -g -O2  conftest.c >&5
conftest.c:69:10: fatal error: 'sys/auxv.h' file not found
#include <sys/auxv.h>
         ^~~~~~~~~~~~
1 error generated.
configure:5890: $? = 1
configure: failed program was:
| /* confdefs.h */
| #define PACKAGE_NAME "putty"
| #define PACKAGE_TARNAME "putty"
| #define PACKAGE_VERSION "0.76"
| #define PACKAGE_STRING "putty 0.76"
| #define PACKAGE_BUGREPORT ""
| #define PACKAGE_URL ""
| #define PACKAGE "putty"
| #define VERSION "0.76"
| #define WITH_GSSAPI 1
| #define HAVE_UTMPX_H 1
| #define HAVE_PANGO_FONT_FAMILY_IS_MONOSPACE 1
| #define HAVE_PANGO_FONT_MAP_LIST_FAMILIES 1
| #define STDC_HEADERS 1
| #define HAVE_SYS_TYPES_H 1
| #define HAVE_SYS_STAT_H 1
| #define HAVE_STDLIB_H 1
| #define HAVE_STRING_H 1
| #define HAVE_MEMORY_H 1
| #define HAVE_STRINGS_H 1
| #define HAVE_INTTYPES_H 1
| #define HAVE_STDINT_H 1
| #define HAVE_UNISTD_H 1
| #define HAVE_GETADDRINFO 1
| #define HAVE_POSIX_OPENPT 1
| #define HAVE_PTSNAME 1
| #define HAVE_STRSIGNAL 1
| #define HAVE_FSTATAT 1
| #define HAVE_DIRFD 1
| #define HAVE_FUTIMES 1
| #define HAVE_SETPWENT 1
| #define HAVE_ENDPWENT 1
| #define HAVE_SYSCTLBYNAME 1
| #define HAVE_DECL_CLOCK_MONOTONIC 1
| /* end confdefs.h.  */
| #include <stdio.h>
| #ifdef HAVE_SYS_TYPES_H
| # include <sys/types.h>
| #endif
| #ifdef HAVE_SYS_STAT_H
| # include <sys/stat.h>
| #endif
| #ifdef STDC_HEADERS
| # include <stdlib.h>
| # include <stddef.h>
| #else
| # ifdef HAVE_STDLIB_H
| #  include <stdlib.h>
| # endif
| #endif
| #ifdef HAVE_STRING_H
| # if !defined STDC_HEADERS && defined HAVE_MEMORY_H
| #  include <memory.h>
| # endif
| # include <string.h>
| #endif
| #ifdef HAVE_STRINGS_H
| # include <strings.h>
| #endif
| #ifdef HAVE_INTTYPES_H
| # include <inttypes.h>
| #endif
| #ifdef HAVE_STDINT_H
| # include <stdint.h>
| #endif
| #ifdef HAVE_UNISTD_H
| # include <unistd.h>
| #endif
| #include <sys/auxv.h>
configure:5890: result: no
configure:5890: checking sys/auxv.h presence
configure:5890: gcc -E  conftest.c
conftest.c:36:10: fatal error: 'sys/auxv.h' file not found
#include <sys/auxv.h>
         ^~~~~~~~~~~~
1 error generated.
configure:5890: $? = 1
configure: failed program was:
| /* confdefs.h */
| #define PACKAGE_NAME "putty"
| #define PACKAGE_TARNAME "putty"
| #define PACKAGE_VERSION "0.76"
| #define PACKAGE_STRING "putty 0.76"
| #define PACKAGE_BUGREPORT ""
| #define PACKAGE_URL ""
| #define PACKAGE "putty"
| #define VERSION "0.76"
| #define WITH_GSSAPI 1
| #define HAVE_UTMPX_H 1
| #define HAVE_PANGO_FONT_FAMILY_IS_MONOSPACE 1
| #define HAVE_PANGO_FONT_MAP_LIST_FAMILIES 1
| #define STDC_HEADERS 1
| #define HAVE_SYS_TYPES_H 1
| #define HAVE_SYS_STAT_H 1
| #define HAVE_STDLIB_H 1
| #define HAVE_STRING_H 1
| #define HAVE_MEMORY_H 1
| #define HAVE_STRINGS_H 1
| #define HAVE_INTTYPES_H 1
| #define HAVE_STDINT_H 1
| #define HAVE_UNISTD_H 1
| #define HAVE_GETADDRINFO 1
| #define HAVE_POSIX_OPENPT 1
| #define HAVE_PTSNAME 1
| #define HAVE_STRSIGNAL 1
| #define HAVE_FSTATAT 1
| #define HAVE_DIRFD 1
| #define HAVE_FUTIMES 1
| #define HAVE_SETPWENT 1
| #define HAVE_ENDPWENT 1
| #define HAVE_SYSCTLBYNAME 1
| #define HAVE_DECL_CLOCK_MONOTONIC 1
| /* end confdefs.h.  */
| #include <sys/auxv.h>
configure:5890: result: no
configure:5890: checking for sys/auxv.h
configure:5890: result: no
configure:5890: checking asm/hwcap.h usability
configure:5890: gcc -c -g -O2  conftest.c >&5
conftest.c:69:10: fatal error: 'asm/hwcap.h' file not found
#include <asm/hwcap.h>
         ^~~~~~~~~~~~~
1 error generated.
configure:5890: $? = 1
configure: failed program was:
| /* confdefs.h */
| #define PACKAGE_NAME "putty"
| #define PACKAGE_TARNAME "putty"
| #define PACKAGE_VERSION "0.76"
| #define PACKAGE_STRING "putty 0.76"
| #define PACKAGE_BUGREPORT ""
| #define PACKAGE_URL ""
| #define PACKAGE "putty"
| #define VERSION "0.76"
| #define WITH_GSSAPI 1
| #define HAVE_UTMPX_H 1
| #define HAVE_PANGO_FONT_FAMILY_IS_MONOSPACE 1
| #define HAVE_PANGO_FONT_MAP_LIST_FAMILIES 1
| #define STDC_HEADERS 1
| #define HAVE_SYS_TYPES_H 1
| #define HAVE_SYS_STAT_H 1
| #define HAVE_STDLIB_H 1
| #define HAVE_STRING_H 1
| #define HAVE_MEMORY_H 1
| #define HAVE_STRINGS_H 1
| #define HAVE_INTTYPES_H 1
| #define HAVE_STDINT_H 1
| #define HAVE_UNISTD_H 1
| #define HAVE_GETADDRINFO 1
| #define HAVE_POSIX_OPENPT 1
| #define HAVE_PTSNAME 1
| #define HAVE_STRSIGNAL 1
| #define HAVE_FSTATAT 1
| #define HAVE_DIRFD 1
| #define HAVE_FUTIMES 1
| #define HAVE_SETPWENT 1
| #define HAVE_ENDPWENT 1
| #define HAVE_SYSCTLBYNAME 1
| #define HAVE_DECL_CLOCK_MONOTONIC 1
| /* end confdefs.h.  */
| #include <stdio.h>
| #ifdef HAVE_SYS_TYPES_H
| # include <sys/types.h>
| #endif
| #ifdef HAVE_SYS_STAT_H
| # include <sys/stat.h>
| #endif
| #ifdef STDC_HEADERS
| # include <stdlib.h>
| # include <stddef.h>
| #else
| # ifdef HAVE_STDLIB_H
| #  include <stdlib.h>
| # endif
| #endif
| #ifdef HAVE_STRING_H
| # if !defined STDC_HEADERS && defined HAVE_MEMORY_H
| #  include <memory.h>
| # endif
| # include <string.h>
| #endif
| #ifdef HAVE_STRINGS_H
| # include <strings.h>
| #endif
| #ifdef HAVE_INTTYPES_H
| # include <inttypes.h>
| #endif
| #ifdef HAVE_STDINT_H
| # include <stdint.h>
| #endif
| #ifdef HAVE_UNISTD_H
| # include <unistd.h>
| #endif
| #include <asm/hwcap.h>
configure:5890: result: no
configure:5890: checking asm/hwcap.h presence
configure:5890: gcc -E  conftest.c
conftest.c:36:10: fatal error: 'asm/hwcap.h' file not found
#include <asm/hwcap.h>
         ^~~~~~~~~~~~~
1 error generated.
configure:5890: $? = 1
configure: failed program was:
| /* confdefs.h */
| #define PACKAGE_NAME "putty"
| #define PACKAGE_TARNAME "putty"
| #define PACKAGE_VERSION "0.76"
| #define PACKAGE_STRING "putty 0.76"
| #define PACKAGE_BUGREPORT ""
| #define PACKAGE_URL ""
| #define PACKAGE "putty"
| #define VERSION "0.76"
| #define WITH_GSSAPI 1
| #define HAVE_UTMPX_H 1
| #define HAVE_PANGO_FONT_FAMILY_IS_MONOSPACE 1
| #define HAVE_PANGO_FONT_MAP_LIST_FAMILIES 1
| #define STDC_HEADERS 1
| #define HAVE_SYS_TYPES_H 1
| #define HAVE_SYS_STAT_H 1
| #define HAVE_STDLIB_H 1
| #define HAVE_STRING_H 1
| #define HAVE_MEMORY_H 1
| #define HAVE_STRINGS_H 1
| #define HAVE_INTTYPES_H 1
| #define HAVE_STDINT_H 1
| #define HAVE_UNISTD_H 1
| #define HAVE_GETADDRINFO 1
| #define HAVE_POSIX_OPENPT 1
| #define HAVE_PTSNAME 1
| #define HAVE_STRSIGNAL 1
| #define HAVE_FSTATAT 1
| #define HAVE_DIRFD 1
| #define HAVE_FUTIMES 1
| #define HAVE_SETPWENT 1
| #define HAVE_ENDPWENT 1
| #define HAVE_SYSCTLBYNAME 1
| #define HAVE_DECL_CLOCK_MONOTONIC 1
| /* end confdefs.h.  */
| #include <asm/hwcap.h>
configure:5890: result: no
configure:5890: checking for asm/hwcap.h
configure:5890: result: no
configure:5890: checking sys/sysctl.h usability
configure:5890: gcc -c -g -O2  conftest.c >&5
configure:5890: $? = 0
configure:5890: result: yes
configure:5890: checking sys/sysctl.h presence
configure:5890: gcc -E  conftest.c
configure:5890: $? = 0
configure:5890: result: yes
configure:5890: checking for sys/sysctl.h
configure:5890: result: yes
configure:5890: checking for sys/types.h
configure:5890: result: yes
configure:5890: checking glob.h usability
configure:5890: gcc -c -g -O2  conftest.c >&5
configure:5890: $? = 0
configure:5890: result: yes
configure:5890: checking glob.h presence
configure:5890: gcc -E  conftest.c
configure:5890: $? = 0
configure:5890: result: yes
configure:5890: checking for glob.h
configure:5890: result: yes
configure:5900: checking for library containing clock_gettime
configure:5931: gcc -o conftest -g -O2   conftest.c  >&5
configure:5931: $? = 0
configure:5948: result: none required
configure:5959: checking for SO_PEERCRED and dependencies
configure:5987: gcc -c -g -O2  conftest.c >&5
conftest.c:43:22: fatal error: 'features.h' file not found
            #include <features.h>
                     ^~~~~~~~~~~~
1 error generated.
configure:5987: $? = 1
configure: failed program was:
| /* confdefs.h */
| #define PACKAGE_NAME "putty"
| #define PACKAGE_TARNAME "putty"
| #define PACKAGE_VERSION "0.76"
| #define PACKAGE_STRING "putty 0.76"
| #define PACKAGE_BUGREPORT ""
| #define PACKAGE_URL ""
| #define PACKAGE "putty"
| #define VERSION "0.76"
| #define WITH_GSSAPI 1
| #define HAVE_UTMPX_H 1
| #define HAVE_PANGO_FONT_FAMILY_IS_MONOSPACE 1
| #define HAVE_PANGO_FONT_MAP_LIST_FAMILIES 1
| #define STDC_HEADERS 1
| #define HAVE_SYS_TYPES_H 1
| #define HAVE_SYS_STAT_H 1
| #define HAVE_STDLIB_H 1
| #define HAVE_STRING_H 1
| #define HAVE_MEMORY_H 1
| #define HAVE_STRINGS_H 1
| #define HAVE_INTTYPES_H 1
| #define HAVE_STDINT_H 1
| #define HAVE_UNISTD_H 1
| #define HAVE_GETADDRINFO 1
| #define HAVE_POSIX_OPENPT 1
| #define HAVE_PTSNAME 1
| #define HAVE_STRSIGNAL 1
| #define HAVE_FSTATAT 1
| #define HAVE_DIRFD 1
| #define HAVE_FUTIMES 1
| #define HAVE_SETPWENT 1
| #define HAVE_ENDPWENT 1
| #define HAVE_SYSCTLBYNAME 1
| #define HAVE_DECL_CLOCK_MONOTONIC 1
| #define HAVE_SYS_SYSCTL_H 1
| #define HAVE_SYS_TYPES_H 1
| #define HAVE_GLOB_H 1
| #define HAVE_CLOCK_GETTIME /**/
| /* end confdefs.h.  */
| 
| 
|             #define _GNU_SOURCE
|             #include <features.h>
|             #include <sys/socket.h>
| 
| int
| main ()
| {
| 
|             struct ucred cr;
|             socklen_t crlen = sizeof(cr);
|             return getsockopt(0, SOL_SOCKET, SO_PEERCRED, &cr, &crlen) +
|             cr.pid + cr.uid + cr.gid;
| 
| 
|   ;
|   return 0;
| }
configure:5996: result: no
configure:6014: checking for library containing pow
configure:6045: gcc -o conftest -g -O2   conftest.c  >&5
conftest.c:47:6: warning: incompatible redeclaration of library function 'pow' [-Wincompatible-library-redeclaration]
char pow ();
     ^
conftest.c:47:6: note: 'pow' is a builtin with type 'double (double, double)'
1 warning generated.
configure:6045: $? = 0
configure:6062: result: none required
configure:6180: checking that generated files are newer than configure
configure:6186: result: done
configure:6225: creating ./config.status

## ---------------------- ##
## Running config.status. ##
## ---------------------- ##

This file was extended by putty config.status 0.76, which was
generated by GNU Autoconf 2.69.  Invocation command line was

  CONFIG_FILES    = 
  CONFIG_HEADERS  = 
  CONFIG_LINKS    = 
  CONFIG_COMMANDS = 
  $ ./config.status 

on Terrys-MacBook-Pro.local

config.status:905: creating Makefile
config.status:905: creating uxconfig.h
config.status:1119: executing depfiles commands
config.status:1196: cd .       && sed -e '/# am--include-marker/d' Makefile         | make -f - am--depfiles
config.status:1201: $? = 0

## ---------------- ##
## Cache variables. ##
## ---------------- ##

ac_cv_c_compiler_gnu=yes
ac_cv_env_CC_set=
ac_cv_env_CC_value=
ac_cv_env_CFLAGS_set=
ac_cv_env_CFLAGS_value=
ac_cv_env_CPPFLAGS_set=
ac_cv_env_CPPFLAGS_value=
ac_cv_env_CPP_set=
ac_cv_env_CPP_value=
ac_cv_env_LDFLAGS_set=
ac_cv_env_LDFLAGS_value=
ac_cv_env_LIBS_set=
ac_cv_env_LIBS_value=
ac_cv_env_PKG_CONFIG_LIBDIR_set=
ac_cv_env_PKG_CONFIG_LIBDIR_value=
ac_cv_env_PKG_CONFIG_PATH_set=
ac_cv_env_PKG_CONFIG_PATH_value=
ac_cv_env_PKG_CONFIG_set=
ac_cv_env_PKG_CONFIG_value=
ac_cv_env_build_alias_set=
ac_cv_env_build_alias_value=
ac_cv_env_host_alias_set=
ac_cv_env_host_alias_value=
ac_cv_env_target_alias_set=
ac_cv_env_target_alias_value=
ac_cv_func_dirfd=yes
ac_cv_func_elf_aux_info=no
ac_cv_func_endpwent=yes
ac_cv_func_fstatat=yes
ac_cv_func_futimes=yes
ac_cv_func_getaddrinfo=yes
ac_cv_func_getauxval=no
ac_cv_func_pango_font_family_is_monospace=yes
ac_cv_func_pango_font_map_list_families=yes
ac_cv_func_posix_openpt=yes
ac_cv_func_ptsname=yes
ac_cv_func_setpwent=yes
ac_cv_func_setresuid=no
ac_cv_func_strsignal=yes
ac_cv_func_sysctlbyname=yes
ac_cv_func_updwtmpx=no
ac_cv_have_decl_CLOCK_MONOTONIC=yes
ac_cv_header_asm_hwcap_h=no
ac_cv_header_glob_h=yes
ac_cv_header_inttypes_h=yes
ac_cv_header_memory_h=yes
ac_cv_header_stdc=yes
ac_cv_header_stdint_h=yes
ac_cv_header_stdlib_h=yes
ac_cv_header_string_h=yes
ac_cv_header_strings_h=yes
ac_cv_header_sys_auxv_h=no
ac_cv_header_sys_stat_h=yes
ac_cv_header_sys_sysctl_h=yes
ac_cv_header_sys_types_h=yes
ac_cv_header_unistd_h=yes
ac_cv_header_utmpx_h=yes
ac_cv_lib_X11_XOpenDisplay=no
ac_cv_objext=o
ac_cv_path_EGREP='/usr/bin/grep -E'
ac_cv_path_GREP=/usr/bin/grep
ac_cv_path_ac_pt_PKG_CONFIG=/opt/homebrew/bin/pkg-config
ac_cv_path_install='/usr/bin/install -c'
ac_cv_prog_AWK=awk
ac_cv_prog_CPP='gcc -E'
ac_cv_prog_ac_ct_AR=ar
ac_cv_prog_ac_ct_CC=gcc
ac_cv_prog_ac_ct_RANLIB=ranlib
ac_cv_prog_cc_c89=
ac_cv_prog_cc_c99=
ac_cv_prog_cc_g=yes
ac_cv_prog_make_make_set=yes
ac_cv_search_clock_gettime='none required'
ac_cv_search_dlopen='none required'
ac_cv_search_pow='none required'
ac_cv_search_socket='none required'
am_cv_CC_dependencies_compiler_type=gcc3
am_cv_ar_interface=ar
am_cv_make_support_nested_variables=yes
am_cv_prog_cc_c_o=yes
x_cv_linux_so_peercred=no

## ----------------- ##
## Output variables. ##
## ----------------- ##

ACLOCAL='${SHELL} /Users/terrybrooksjr/Desktop/putty-0.76/missing aclocal-1.16'
AMDEPBACKSLASH='\'
AMDEP_FALSE='#'
AMDEP_TRUE=''
AMTAR='$${TAR-tar}'
AM_BACKSLASH='\'
AM_DEFAULT_V='$(AM_DEFAULT_VERBOSITY)'
AM_DEFAULT_VERBOSITY='1'
AM_V='$(V)'
AR='ar'
AUTOCONF='${SHELL} /Users/terrybrooksjr/Desktop/putty-0.76/missing autoconf'
AUTOHEADER='${SHELL} /Users/terrybrooksjr/Desktop/putty-0.76/missing autoheader'
AUTOMAKE='${SHELL} /Users/terrybrooksjr/Desktop/putty-0.76/missing automake-1.16'
AUTO_GIT_COMMIT_FALSE=''
AUTO_GIT_COMMIT_TRUE='#'
AWK='awk'
CC='gcc'
CCDEPMODE='depmode=gcc3'
CFLAGS='-g -O2'
CPP='gcc -E'
CPPFLAGS=''
CYGPATH_W='echo'
DEFS='-DHAVE_CONFIG_H'
DEPDIR='.deps'
ECHO_C='\c'
ECHO_N=''
ECHO_T=''
EGREP='/usr/bin/grep -E'
EXEEXT=''
GREP='/usr/bin/grep'
GTK1_CONFIG=''
GTK_CFLAGS='-I/opt/homebrew/Cellar/libffi/3.4.2/include -I/opt/homebrew/Cellar/gtk+/2.24.33/include/gtk-2.0 -I/opt/homebrew/Cellar/gtk+/2.24.33/lib/gtk-2.0/include -I/opt/homebrew/Cellar/pango/1.50.6/include/pango-1.0 -I/opt/homebrew/Cellar/harfbuzz/4.2.0/include/harfbuzz -I/opt/homebrew/Cellar/pango/1.50.6/include/pango-1.0 -I/opt/homebrew/Cellar/fribidi/1.0.11/include/fribidi -I/opt/homebrew/Cellar/harfbuzz/4.2.0/include/harfbuzz -I/opt/homebrew/Cellar/graphite2/1.3.14/include -I/opt/homebrew/Cellar/cairo/1.16.0_5/include/cairo -I/opt/homebrew/Cellar/atk/2.38.0/include/atk-1.0 -I/opt/homebrew/Cellar/cairo/1.16.0_5/include/cairo -I/opt/homebrew/Cellar/pixman/0.40.0/include/pixman-1 -I/opt/homebrew/Cellar/fontconfig/2.14.0/include -I/opt/homebrew/opt/freetype/include/freetype2 -I/opt/homebrew/Cellar/libxcb/1.14_2/include -I/opt/homebrew/Cellar/libxrender/0.9.10/include -I/opt/homebrew/Cellar/libxext/1.3.4/include -I/opt/homebrew/Cellar/libx11/1.7.3.1/include -I/opt/homebrew/Cellar/libxcb/1.14_2/include -I/opt/homebrew/Cellar/libxau/1.0.9/include -I/opt/homebrew/Cellar/libxdmcp/1.1.3/include -I/opt/homebrew/Cellar/gdk-pixbuf/2.42.8/include/gdk-pixbuf-2.0 -I/opt/homebrew/Cellar/libpng/1.6.37/include/libpng16 -I/opt/homebrew/Cellar/jpeg/9e/include -I/opt/homebrew/Cellar/libtiff/4.3.0/include -I/opt/homebrew/Cellar/glib/2.72.0/include -I/opt/homebrew/Cellar/glib/2.72.0/include/glib-2.0 -I/opt/homebrew/Cellar/glib/2.72.0/lib/glib-2.0/include -I/opt/homebrew/opt/gettext/include -I/opt/homebrew/Cellar/pcre/8.45/include -I/opt/homebrew/Cellar/xorgproto/2021.5/include'
GTK_LIBS='-L/opt/homebrew/Cellar/gtk+/2.24.33/lib -L/opt/homebrew/Cellar/pango/1.50.6/lib -L/opt/homebrew/Cellar/harfbuzz/4.2.0/lib -L/opt/homebrew/Cellar/atk/2.38.0/lib -L/opt/homebrew/Cellar/cairo/1.16.0_5/lib -L/opt/homebrew/Cellar/gdk-pixbuf/2.42.8/lib -L/opt/homebrew/Cellar/glib/2.72.0/lib -L/opt/homebrew/opt/gettext/lib -lgtk-quartz-2.0 -lgdk-quartz-2.0 -framework Cocoa -lpangocairo-1.0 -lpango-1.0 -lharfbuzz -latk-1.0 -lcairo -lgdk_pixbuf-2.0 -lgio-2.0 -lgobject-2.0 -lglib-2.0 -lintl'
HAVE_GTK_FALSE='#'
HAVE_GTK_TRUE=''
HAVE_QUARTZ_FALSE=''
HAVE_QUARTZ_TRUE='#'
HAVE_SETID_CMD_FALSE=''
HAVE_SETID_CMD_TRUE='#'
INSTALL_DATA='${INSTALL} -m 644'
INSTALL_PROGRAM='${INSTALL}'
INSTALL_SCRIPT='${INSTALL}'
INSTALL_STRIP_PROGRAM='$(install_sh) -c -s'
LDFLAGS=''
LIBOBJS=''
LIBS=''
LTLIBOBJS=''
MAKEINFO='${SHELL} /Users/terrybrooksjr/Desktop/putty-0.76/missing makeinfo'
MKDIR_P='/Users/terrybrooksjr/Desktop/putty-0.76/install-sh -c -d'
OBJEXT='o'
PACKAGE='putty'
PACKAGE_BUGREPORT=''
PACKAGE_NAME='putty'
PACKAGE_STRING='putty 0.76'
PACKAGE_TARNAME='putty'
PACKAGE_URL=''
PACKAGE_VERSION='0.76'
PATH_SEPARATOR=':'
PKG_CONFIG='/opt/homebrew/bin/pkg-config'
PKG_CONFIG_LIBDIR=''
PKG_CONFIG_PATH=''
RANLIB='ranlib'
SETID_CMD=''
SETID_MODE=''
SET_MAKE=''
SHELL='/bin/sh'
STRIP=''
VERSION='0.76'
WARNINGOPTS='-Wall -Wpointer-arith -Wvla'
ac_ct_AR='ar'
ac_ct_CC='gcc'
am__EXEEXT_FALSE=''
am__EXEEXT_TRUE='#'
am__fastdepCC_FALSE='#'
am__fastdepCC_TRUE=''
am__include='include'
am__isrc=' -I$(srcdir)'
am__leading_dot='.'
am__nodep='_no'
am__quote=''
am__tar='$${TAR-tar} chof - "$$tardir"'
am__untar='$${TAR-tar} xf -'
bindir='${exec_prefix}/bin'
build_alias=''
datadir='${datarootdir}'
datarootdir='${prefix}/share'
docdir='${datarootdir}/doc/${PACKAGE_TARNAME}'
dvidir='${docdir}'
exec_prefix='${prefix}'
host_alias=''
htmldir='${docdir}'
includedir='${prefix}/include'
infodir='${datarootdir}/info'
install_sh='${SHELL} /Users/terrybrooksjr/Desktop/putty-0.76/install-sh'
libdir='${exec_prefix}/lib'
libexecdir='${exec_prefix}/libexec'
localedir='${datarootdir}/locale'
localstatedir='${prefix}/var'
mandir='${datarootdir}/man'
mkdir_p='$(MKDIR_P)'
oldincludedir='/usr/include'
pdfdir='${docdir}'
prefix='/usr/local'
program_transform_name='s,x,x,'
psdir='${docdir}'
runstatedir='${localstatedir}/run'
sbindir='${exec_prefix}/sbin'
sharedstatedir='${prefix}/com'
sysconfdir='${prefix}/etc'
target_alias=''

## ----------- ##
## confdefs.h. ##
## ----------- ##

/* confdefs.h */
#define PACKAGE_NAME "putty"
#define PACKAGE_TARNAME "putty"
#define PACKAGE_VERSION "0.76"
#define PACKAGE_STRING "putty 0.76"
#define PACKAGE_BUGREPORT ""
#define PACKAGE_URL ""
#define PACKAGE "putty"
#define VERSION "0.76"
#define WITH_GSSAPI 1
#define HAVE_UTMPX_H 1
#define HAVE_PANGO_FONT_FAMILY_IS_MONOSPACE 1
#define HAVE_PANGO_FONT_MAP_LIST_FAMILIES 1
#define STDC_HEADERS 1
#define HAVE_SYS_TYPES_H 1
#define HAVE_SYS_STAT_H 1
#define HAVE_STDLIB_H 1
#define HAVE_STRING_H 1
#define HAVE_MEMORY_H 1
#define HAVE_STRINGS_H 1
#define HAVE_INTTYPES_H 1
#define HAVE_STDINT_H 1
#define HAVE_UNISTD_H 1
#define HAVE_GETADDRINFO 1
#define HAVE_POSIX_OPENPT 1
#define HAVE_PTSNAME 1
#define HAVE_STRSIGNAL 1
#define HAVE_FSTATAT 1
#define HAVE_DIRFD 1
#define HAVE_FUTIMES 1
#define HAVE_SETPWENT 1
#define HAVE_ENDPWENT 1
#define HAVE_SYSCTLBYNAME 1
#define HAVE_DECL_CLOCK_MONOTONIC 1
#define HAVE_SYS_SYSCTL_H 1
#define HAVE_SYS_TYPES_H 1
#define HAVE_GLOB_H 1
#define HAVE_CLOCK_GETTIME /**/

configure: exit 0
